<?xml version="1.0" encoding="UTF-8"?>
<!-- Generated by org.testng.reporters.JUnitReportReporter -->
<testsuite hostname="DESKTOP-0EP6GTU" failures="0" tests="4" name="api.test.UserTests" time="7.500" errors="0" timestamp="2024-09-30T20:09:52 IST" skipped="0">
  <testcase classname="api.test.UserTests" name="testPostUser" time="3.284"/>
  <testcase classname="api.test.UserTests" name="testGetUser" time="1.002"/>
  <testcase classname="api.test.UserTests" name="testUpdateUser" time="2.126"/>
  <testcase classname="api.test.UserTests" name="testDeleteUser" time="1.088"/>
</testsuite> <!-- api.test.UserTests -->
